<?xml version="1.0" encoding="UTF-8"?>
<!-- Generated by org.testng.reporters.JUnitReportReporter -->
<testsuite hostname="TYSS-Prajwal" failures="0" tests="2" name="TestNG.DataFromXMLFile" time="49.164" errors="0" timestamp="2022-12-26T10:40:34 IST" skipped="0">
  <testcase classname="TestNG.DataFromXMLFile" name="m1" time="22.788"/>
  <system-out/>
  <testcase classname="TestNG.DataFromXMLFile" name="m1" time="26.376"/>
  <system-out/>
</testsuite> <!-- TestNG.DataFromXMLFile -->
