<?xml version="1.0" encoding="UTF-8"?>
<!-- Generated by org.testng.reporters.JUnitReportReporter -->
<testsuite hostname="TYSS-Prajwal" failures="0" tests="10" name="TestNG.InvocationCount" time="0.034" errors="0" timestamp="2022-12-16T09:59:41 IST" skipped="0">
  <testcase classname="TestNG.InvocationCount" name="userRegister" time="0.007"/>
  <system-out>
    <![CDATA[user registered successfully]]>
  </system-out>
  <testcase classname="TestNG.InvocationCount" name="userRegister" time="0.001"/>
  <system-out>
    <![CDATA[user registered successfully]]>
  </system-out>
  <testcase classname="TestNG.InvocationCount" name="userRegister" time="0.001"/>
  <system-out>
    <![CDATA[user registered successfully]]>
  </system-out>
  <testcase classname="TestNG.InvocationCount" name="userRegister" time="0.004"/>
  <system-out>
    <![CDATA[user registered successfully]]>
  </system-out>
  <testcase classname="TestNG.InvocationCount" name="userRegister" time="0.001"/>
  <system-out>
    <![CDATA[user registered successfully]]>
  </system-out>
  <testcase classname="TestNG.InvocationCount" name="userRegister" time="0.002"/>
  <system-out>
    <![CDATA[user registered successfully]]>
  </system-out>
  <testcase classname="TestNG.InvocationCount" name="userRegister" time="0.005"/>
  <system-out>
    <![CDATA[user registered successfully]]>
  </system-out>
  <testcase classname="TestNG.InvocationCount" name="userRegister" time="0.008"/>
  <system-out>
    <![CDATA[user registered successfully]]>
  </system-out>
  <testcase classname="TestNG.InvocationCount" name="userRegister" time="0.001"/>
  <system-out>
    <![CDATA[user registered successfully]]>
  </system-out>
  <testcase classname="TestNG.InvocationCount" name="userRegister" time="0.004"/>
  <system-out>
    <![CDATA[user registered successfully]]>
  </system-out>
</testsuite> <!-- TestNG.InvocationCount -->
