<?xml version="1.0" encoding="UTF-8"?>
<!-- Generated by org.testng.reporters.JUnitReportReporter -->
<testsuite hostname="TYSS-Prajwal" failures="0" tests="6" name="TestNG.Test1" time="0.033" errors="0" timestamp="2022-12-22T09:35:19 IST" skipped="0">
  <testcase classname="TestNG.Test1" name="custLogin" time="0.003"/>
  <system-out>
    <![CDATA[cust login]]>
  </system-out>
  <testcase classname="TestNG.Test1" name="custReg" time="0.011"/>
  <system-out>
    <![CDATA[cust registered]]>
  </system-out>
  <testcase classname="TestNG.Test1" name="userDelete" time="0.007"/>
  <system-out>
    <![CDATA[user deleted]]>
  </system-out>
  <testcase classname="TestNG.Test1" name="userLogin" time="0.002"/>
  <system-out>
    <![CDATA[user login]]>
  </system-out>
  <testcase classname="TestNG.Test1" name="userReg" time="0.004"/>
  <system-out>
    <![CDATA[user registered]]>
  </system-out>
  <testcase classname="TestNG.Test1" name="custDelete" time="0.006"/>
  <system-out>
    <![CDATA[cust deleted]]>
  </system-out>
</testsuite> <!-- TestNG.Test1 -->
