<?xml version="1.0" encoding="UTF-8"?>
<!-- Generated by org.testng.reporters.JUnitReportReporter -->
<testsuite hostname="TYSS-Prajwal" failures="0" tests="1" name="TestNG.SupportingAnnotations" time="0.005" errors="0" timestamp="2022-12-20T10:13:44 IST" skipped="0">
  <testcase classname="TestNG.SupportingAnnotations" name="f" time="0.005"/>
  <system-out>
    <![CDATA[Test]]>
  </system-out>
</testsuite> <!-- TestNG.SupportingAnnotations -->
