<?xml version="1.0" encoding="UTF-8"?>
<!-- Generated by org.testng.reporters.JUnitReportReporter -->
<testsuite hostname="TYSS-Prajwal" failures="0" tests="50" name="TestNG.Data_Providers" time="0.116" errors="0" timestamp="2022-12-16T10:25:40 IST" skipped="0">
  <testcase classname="TestNG.Data_Providers" name="m1" time="0.001"/>
  <system-out>
    <![CDATA[user 1 registered]]>
  </system-out>
  <testcase classname="TestNG.Data_Providers" name="m1" time="0.003"/>
  <system-out>
    <![CDATA[user 1 registered]]>
  </system-out>
  <testcase classname="TestNG.Data_Providers" name="m1" time="0.002"/>
  <system-out>
    <![CDATA[user hello registered]]>
  </system-out>
  <testcase classname="TestNG.Data_Providers" name="m1" time="0.001"/>
  <system-out>
    <![CDATA[user a registered]]>
  </system-out>
  <testcase classname="TestNG.Data_Providers" name="m1" time="0.001"/>
  <system-out>
    <![CDATA[user a registered]]>
  </system-out>
  <testcase classname="TestNG.Data_Providers" name="m1" time="0.001"/>
  <system-out>
    <![CDATA[user hello registered]]>
  </system-out>
  <testcase classname="TestNG.Data_Providers" name="m1" time="0.001"/>
  <system-out>
    <![CDATA[user hello registered]]>
  </system-out>
  <testcase classname="TestNG.Data_Providers" name="m1" time="0.003"/>
  <system-out>
    <![CDATA[user 1 registered]]>
  </system-out>
  <testcase classname="TestNG.Data_Providers" name="m1" time="0.002"/>
  <system-out>
    <![CDATA[user hello registered]]>
  </system-out>
  <testcase classname="TestNG.Data_Providers" name="m1" time="0.002"/>
  <system-out>
    <![CDATA[user 1 registered]]>
  </system-out>
  <testcase classname="TestNG.Data_Providers" name="m1" time="0.001"/>
  <system-out>
    <![CDATA[user true registered]]>
  </system-out>
  <testcase classname="TestNG.Data_Providers" name="m1" time="0.003"/>
  <system-out>
    <![CDATA[user 1 registered]]>
  </system-out>
  <testcase classname="TestNG.Data_Providers" name="m1" time="0.003"/>
  <system-out>
    <![CDATA[user false registered]]>
  </system-out>
  <testcase classname="TestNG.Data_Providers" name="m1" time="0.006"/>
  <system-out>
    <![CDATA[user hello registered]]>
  </system-out>
  <testcase classname="TestNG.Data_Providers" name="m1" time="0.007"/>
  <system-out>
    <![CDATA[user 1 registered]]>
  </system-out>
  <testcase classname="TestNG.Data_Providers" name="m1" time="0.001"/>
  <system-out>
    <![CDATA[user true registered]]>
  </system-out>
  <testcase classname="TestNG.Data_Providers" name="m1" time="0.002"/>
  <system-out>
    <![CDATA[user false registered]]>
  </system-out>
  <testcase classname="TestNG.Data_Providers" name="m1" time="0.003"/>
  <system-out>
    <![CDATA[user false registered]]>
  </system-out>
  <testcase classname="TestNG.Data_Providers" name="m1" time="0.002"/>
  <system-out>
    <![CDATA[user a registered]]>
  </system-out>
  <testcase classname="TestNG.Data_Providers" name="m1" time="0.005"/>
  <system-out>
    <![CDATA[user true registered]]>
  </system-out>
  <testcase classname="TestNG.Data_Providers" name="m1" time="0.001"/>
  <system-out>
    <![CDATA[user false registered]]>
  </system-out>
  <testcase classname="TestNG.Data_Providers" name="m1" time="0.001"/>
  <system-out>
    <![CDATA[user true registered]]>
  </system-out>
  <testcase classname="TestNG.Data_Providers" name="m1" time="0.003"/>
  <system-out>
    <![CDATA[user hello registered]]>
  </system-out>
  <testcase classname="TestNG.Data_Providers" name="m1" time="0.001"/>
  <system-out>
    <![CDATA[user false registered]]>
  </system-out>
  <testcase classname="TestNG.Data_Providers" name="m1" time="0.004"/>
  <system-out>
    <![CDATA[user a registered]]>
  </system-out>
  <testcase classname="TestNG.Data_Providers" name="m1" time="0.001"/>
  <system-out>
    <![CDATA[user true registered]]>
  </system-out>
  <testcase classname="TestNG.Data_Providers" name="m1" time="0.004"/>
  <system-out>
    <![CDATA[user true registered]]>
  </system-out>
  <testcase classname="TestNG.Data_Providers" name="m1" time="0.004"/>
  <system-out>
    <![CDATA[user a registered]]>
  </system-out>
  <testcase classname="TestNG.Data_Providers" name="m1" time="0.001"/>
  <system-out>
    <![CDATA[user false registered]]>
  </system-out>
  <testcase classname="TestNG.Data_Providers" name="m1" time="0.001"/>
  <system-out>
    <![CDATA[user a registered]]>
  </system-out>
  <testcase classname="TestNG.Data_Providers" name="m1" time="0.001"/>
  <system-out>
    <![CDATA[user a registered]]>
  </system-out>
  <testcase classname="TestNG.Data_Providers" name="m1" time="0.002"/>
  <system-out>
    <![CDATA[user true registered]]>
  </system-out>
  <testcase classname="TestNG.Data_Providers" name="m1" time="0.002"/>
  <system-out>
    <![CDATA[user a registered]]>
  </system-out>
  <testcase classname="TestNG.Data_Providers" name="m1" time="0.008"/>
  <system-out>
    <![CDATA[user hello registered]]>
  </system-out>
  <testcase classname="TestNG.Data_Providers" name="m1" time="0.003"/>
  <system-out>
    <![CDATA[user true registered]]>
  </system-out>
  <testcase classname="TestNG.Data_Providers" name="m1" time="0.002"/>
  <system-out>
    <![CDATA[user 1 registered]]>
  </system-out>
  <testcase classname="TestNG.Data_Providers" name="m1" time="0.001"/>
  <system-out>
    <![CDATA[user hello registered]]>
  </system-out>
  <testcase classname="TestNG.Data_Providers" name="m1" time="0.002"/>
  <system-out>
    <![CDATA[user false registered]]>
  </system-out>
  <testcase classname="TestNG.Data_Providers" name="m1" time="0.003"/>
  <system-out>
    <![CDATA[user false registered]]>
  </system-out>
  <testcase classname="TestNG.Data_Providers" name="m1" time="0.002"/>
  <system-out>
    <![CDATA[user false registered]]>
  </system-out>
  <testcase classname="TestNG.Data_Providers" name="m1" time="0.001"/>
  <system-out>
    <![CDATA[user true registered]]>
  </system-out>
  <testcase classname="TestNG.Data_Providers" name="m1" time="0.001"/>
  <system-out>
    <![CDATA[user true registered]]>
  </system-out>
  <testcase classname="TestNG.Data_Providers" name="m1" time="0.001"/>
  <system-out>
    <![CDATA[user hello registered]]>
  </system-out>
  <testcase classname="TestNG.Data_Providers" name="m1" time="0.003"/>
  <system-out>
    <![CDATA[user a registered]]>
  </system-out>
  <testcase classname="TestNG.Data_Providers" name="m1" time="0.001"/>
  <system-out>
    <![CDATA[user false registered]]>
  </system-out>
  <testcase classname="TestNG.Data_Providers" name="m1" time="0.003"/>
  <system-out>
    <![CDATA[user a registered]]>
  </system-out>
  <testcase classname="TestNG.Data_Providers" name="m1" time="0.002"/>
  <system-out>
    <![CDATA[user 1 registered]]>
  </system-out>
  <testcase classname="TestNG.Data_Providers" name="m1" time="0.002"/>
  <system-out>
    <![CDATA[user 1 registered]]>
  </system-out>
  <testcase classname="TestNG.Data_Providers" name="m1" time="0.002"/>
  <system-out>
    <![CDATA[user 1 registered]]>
  </system-out>
  <testcase classname="TestNG.Data_Providers" name="m1" time="0.003"/>
  <system-out>
    <![CDATA[user hello registered]]>
  </system-out>
</testsuite> <!-- TestNG.Data_Providers -->
