<?xml version="1.0" encoding="UTF-8"?>
<!-- Generated by org.testng.reporters.JUnitReportReporter -->
<testsuite hostname="TYSS-Prajwal" failures="0" tests="1" name="TestNG.Assert_Example" time="0.012" errors="0" timestamp="2022-12-22T10:41:13 IST" skipped="0">
  <testcase classname="TestNG.Assert_Example" name="assett_1" time="0.012"/>
  <system-out>
    <![CDATA[fail
sdjfhs
sfsdf]]>
  </system-out>
</testsuite> <!-- TestNG.Assert_Example -->
