<?xml version="1.0" encoding="UTF-8"?>
<!-- Generated by org.testng.reporters.JUnitReportReporter -->
<testsuite hostname="TYSS-Prajwal" failures="0" tests="4" name="TestNG.Multiple" time="0.019" errors="0" timestamp="2022-12-15T10:55:33 IST" skipped="0">
  <testcase classname="TestNG.Multiple" name="userRegister" time="0.013"/>
  <system-out>
    <![CDATA[userRegister]]>
  </system-out>
  <testcase classname="TestNG.Multiple" name="userLogin" time="0.002"/>
  <system-out>
    <![CDATA[userLogin]]>
  </system-out>
  <testcase classname="TestNG.Multiple" name="userEdit" time="0.002"/>
  <system-out>
    <![CDATA[userEdit]]>
  </system-out>
  <testcase classname="TestNG.Multiple" name="userDelete" time="0.002"/>
  <system-out>
    <![CDATA[userDelete]]>
  </system-out>
</testsuite> <!-- TestNG.Multiple -->
